<?xml version="1.0" encoding="UTF-8"?>
<testsuite xmlns:xsi="http://www.w3.org/2001/XMLSchema-instance" xsi:noNamespaceSchemaLocation="https://maven.apache.org/surefire/maven-surefire-plugin/xsd/surefire-test-report-3.0.xsd" version="3.0" name="com.flashsalex.entity.EntityTest" time="0.099" tests="5" errors="0" skipped="0" failures="0">
  <properties>
[...]
</properties>
  <testcase name="testProductEntity" classname="com.flashsalex.entity.EntityTest" time="0.06"/>
  <testcase name="testPaymentEntity" classname="com.flashsalex.entity.EntityTest" time="0.003"/>
  <testcase name="testSeckillActivityEntity" classname="com.flashsalex.entity.EntityTest" time="0.004"/>
  <testcase name="testUserEntity" classname="com.flashsalex.entity.EntityTest" time="0.002"/>
  <testcase name="testOrderEntity" classname="com.flashsalex.entity.EntityTest" time="0.001"/>
</testsuite>